<?xml version="1.0" encoding="UTF-8"?>
<coverage generated="1595003654829" clover="3.2.0">
  <project timestamp="1595003654829" name="All files">
    <metrics statements="218" coveredstatements="27" conditionals="40" coveredconditionals="7" methods="72" coveredmethods="6" elements="330" coveredelements="40" complexity="0" loc="218" ncloc="218" packages="9" files="9" classes="9"/>
    <package name="components.Button">
      <metrics statements="2" coveredstatements="2" conditionals="0" coveredconditionals="0" methods="1" coveredmethods="1"/>
      <file name="index.tsx" path="C:\Users\Rubens\Desktop\dev-projects\React Native\appmyterial\src\components\Button\index.tsx">
        <metrics statements="2" coveredstatements="2" conditionals="0" coveredconditionals="0" methods="1" coveredmethods="1"/>
        <line num="10" count="1" type="stmt"/>
        <line num="11" count="1" type="stmt"/>
      </file>
    </package>
    <package name="components.Input">
      <metrics statements="17" coveredstatements="12" conditionals="6" coveredconditionals="5" methods="7" coveredmethods="3"/>
      <file name="index.tsx" path="C:\Users\Rubens\Desktop\dev-projects\React Native\appmyterial\src\components\Input\index.tsx">
        <metrics statements="17" coveredstatements="12" conditionals="6" coveredconditionals="5" methods="7" coveredmethods="3"/>
        <line num="28" count="1" type="stmt"/>
        <line num="32" count="2" type="stmt"/>
        <line num="34" count="2" type="cond" truecount="1" falsecount="0"/>
        <line num="35" count="2" type="stmt"/>
        <line num="37" count="2" type="stmt"/>
        <line num="38" count="2" type="stmt"/>
        <line num="40" count="2" type="stmt"/>
        <line num="41" count="0" type="stmt"/>
        <line num="44" count="2" type="stmt"/>
        <line num="45" count="0" type="stmt"/>
        <line num="46" count="0" type="stmt"/>
        <line num="49" count="2" type="stmt"/>
        <line num="51" count="0" type="stmt"/>
        <line num="55" count="2" type="stmt"/>
        <line num="56" count="2" type="stmt"/>
        <line num="63" count="2" type="stmt"/>
        <line num="79" count="0" type="stmt"/>
      </file>
    </package>
    <package name="hooks">
      <metrics statements="29" coveredstatements="6" conditionals="6" coveredconditionals="1" methods="7" coveredmethods="1"/>
      <file name="auth.tsx" path="C:\Users\Rubens\Desktop\dev-projects\React Native\appmyterial\src\hooks\auth.tsx">
        <metrics statements="29" coveredstatements="6" conditionals="6" coveredconditionals="1" methods="7" coveredmethods="1"/>
        <line num="36" count="1" type="stmt"/>
        <line num="38" count="1" type="stmt"/>
        <line num="39" count="0" type="stmt"/>
        <line num="40" count="0" type="stmt"/>
        <line num="42" count="0" type="stmt"/>
        <line num="44" count="0" type="stmt"/>
        <line num="49" count="0" type="cond" truecount="0" falsecount="4"/>
        <line num="50" count="0" type="stmt"/>
        <line num="52" count="0" type="stmt"/>
        <line num="55" count="0" type="stmt"/>
        <line num="58" count="0" type="stmt"/>
        <line num="61" count="0" type="stmt"/>
        <line num="62" count="0" type="stmt"/>
        <line num="67" count="0" type="stmt"/>
        <line num="69" count="0" type="stmt"/>
        <line num="74" count="0" type="stmt"/>
        <line num="76" count="0" type="stmt"/>
        <line num="79" count="0" type="stmt"/>
        <line num="81" count="0" type="stmt"/>
        <line num="83" count="0" type="stmt"/>
        <line num="91" count="0" type="stmt"/>
        <line num="92" count="0" type="stmt"/>
        <line num="94" count="0" type="stmt"/>
        <line num="97" count="0" type="stmt"/>
        <line num="106" count="1" type="stmt"/>
        <line num="107" count="1" type="stmt"/>
        <line num="109" count="1" type="cond" truecount="1" falsecount="1"/>
        <line num="110" count="0" type="stmt"/>
        <line num="113" count="1" type="stmt"/>
      </file>
    </package>
    <package name="pages.CreateMaterial">
      <metrics statements="35" coveredstatements="0" conditionals="4" coveredconditionals="0" methods="12" coveredmethods="0"/>
      <file name="index.tsx" path="C:\Users\Rubens\Desktop\dev-projects\React Native\appmyterial\src\pages\CreateMaterial\index.tsx">
        <metrics statements="35" coveredstatements="0" conditionals="4" coveredconditionals="0" methods="12" coveredmethods="0"/>
        <line num="34" count="0" type="stmt"/>
        <line num="35" count="0" type="stmt"/>
        <line num="36" count="0" type="stmt"/>
        <line num="38" count="0" type="stmt"/>
        <line num="39" count="0" type="stmt"/>
        <line num="40" count="0" type="stmt"/>
        <line num="41" count="0" type="stmt"/>
        <line num="42" count="0" type="stmt"/>
        <line num="43" count="0" type="stmt"/>
        <line num="44" count="0" type="stmt"/>
        <line num="46" count="0" type="stmt"/>
        <line num="48" count="0" type="stmt"/>
        <line num="49" count="0" type="stmt"/>
        <line num="51" count="0" type="stmt"/>
        <line num="62" count="0" type="stmt"/>
        <line num="66" count="0" type="stmt"/>
        <line num="68" count="0" type="stmt"/>
        <line num="73" count="0" type="stmt"/>
        <line num="75" count="0" type="cond" truecount="0" falsecount="2"/>
        <line num="76" count="0" type="stmt"/>
        <line num="78" count="0" type="stmt"/>
        <line num="80" count="0" type="stmt"/>
        <line num="83" count="0" type="stmt"/>
        <line num="92" count="0" type="stmt"/>
        <line num="93" count="0" type="stmt"/>
        <line num="96" count="0" type="stmt"/>
        <line num="121" count="0" type="stmt"/>
        <line num="132" count="0" type="stmt"/>
        <line num="143" count="0" type="stmt"/>
        <line num="154" count="0" type="stmt"/>
        <line num="166" count="0" type="stmt"/>
        <line num="177" count="0" type="stmt"/>
        <line num="188" count="0" type="stmt"/>
        <line num="199" count="0" type="stmt"/>
        <line num="205" count="0" type="stmt"/>
      </file>
    </package>
    <package name="pages.Dashboard">
      <metrics statements="17" coveredstatements="0" conditionals="0" coveredconditionals="0" methods="9" coveredmethods="0"/>
      <file name="index.tsx" path="C:\Users\Rubens\Desktop\dev-projects\React Native\appmyterial\src\pages\Dashboard\index.tsx">
        <metrics statements="17" coveredstatements="0" conditionals="0" coveredconditionals="0" methods="9" coveredmethods="0"/>
        <line num="34" count="0" type="stmt"/>
        <line num="35" count="0" type="stmt"/>
        <line num="37" count="0" type="stmt"/>
        <line num="38" count="0" type="stmt"/>
        <line num="46" count="0" type="stmt"/>
        <line num="48" count="0" type="stmt"/>
        <line num="49" count="0" type="stmt"/>
        <line num="54" count="0" type="stmt"/>
        <line num="55" count="0" type="stmt"/>
        <line num="58" count="0" type="stmt"/>
        <line num="59" count="0" type="stmt"/>
        <line num="62" count="0" type="stmt"/>
        <line num="64" count="0" type="stmt"/>
        <line num="69" count="0" type="stmt"/>
        <line num="88" count="0" type="stmt"/>
        <line num="91" count="0" type="stmt"/>
        <line num="93" count="0" type="stmt"/>
      </file>
    </package>
    <package name="pages.MaterialDetail">
      <metrics statements="25" coveredstatements="0" conditionals="6" coveredconditionals="0" methods="8" coveredmethods="0"/>
      <file name="index.tsx" path="C:\Users\Rubens\Desktop\dev-projects\React Native\appmyterial\src\pages\MaterialDetail\index.tsx">
        <metrics statements="25" coveredstatements="0" conditionals="6" coveredconditionals="0" methods="8" coveredmethods="0"/>
        <line num="43" count="0" type="stmt"/>
        <line num="44" count="0" type="stmt"/>
        <line num="46" count="0" type="stmt"/>
        <line num="48" count="0" type="stmt"/>
        <line num="49" count="0" type="stmt"/>
        <line num="50" count="0" type="stmt"/>
        <line num="52" count="0" type="stmt"/>
        <line num="53" count="0" type="stmt"/>
        <line num="55" count="0" type="stmt"/>
        <line num="56" count="0" type="stmt"/>
        <line num="57" count="0" type="stmt"/>
        <line num="61" count="0" type="stmt"/>
        <line num="62" count="0" type="stmt"/>
        <line num="65" count="0" type="stmt"/>
        <line num="66" count="0" type="stmt"/>
        <line num="74" count="0" type="cond" truecount="0" falsecount="2"/>
        <line num="75" count="0" type="stmt"/>
        <line num="77" count="0" type="cond" truecount="0" falsecount="2"/>
        <line num="78" count="0" type="stmt"/>
        <line num="79" count="0" type="stmt"/>
        <line num="82" count="0" type="stmt"/>
        <line num="84" count="0" type="stmt"/>
        <line num="90" count="0" type="stmt"/>
        <line num="91" count="0" type="stmt"/>
        <line num="97" count="0" type="stmt"/>
      </file>
    </package>
    <package name="pages.Profile">
      <metrics statements="46" coveredstatements="0" conditionals="10" coveredconditionals="0" methods="14" coveredmethods="0"/>
      <file name="index.tsx" path="C:\Users\Rubens\Desktop\dev-projects\React Native\appmyterial\src\pages\Profile\index.tsx">
        <metrics statements="46" coveredstatements="0" conditionals="10" coveredconditionals="0" methods="14" coveredmethods="0"/>
        <line num="39" count="0" type="stmt"/>
        <line num="40" count="0" type="stmt"/>
        <line num="42" count="0" type="stmt"/>
        <line num="43" count="0" type="stmt"/>
        <line num="45" count="0" type="stmt"/>
        <line num="46" count="0" type="stmt"/>
        <line num="47" count="0" type="stmt"/>
        <line num="48" count="0" type="stmt"/>
        <line num="50" count="0" type="stmt"/>
        <line num="52" count="0" type="stmt"/>
        <line num="53" count="0" type="stmt"/>
        <line num="55" count="0" type="stmt"/>
        <line num="62" count="0" type="stmt"/>
        <line num="68" count="0" type="stmt"/>
        <line num="78" count="0" type="stmt"/>
        <line num="88" count="0" type="stmt"/>
        <line num="90" count="0" type="stmt"/>
        <line num="98" count="0" type="stmt"/>
        <line num="100" count="0" type="stmt"/>
        <line num="102" count="0" type="stmt"/>
        <line num="107" count="0" type="stmt"/>
        <line num="109" count="0" type="cond" truecount="0" falsecount="2"/>
        <line num="110" count="0" type="stmt"/>
        <line num="112" count="0" type="stmt"/>
        <line num="114" count="0" type="stmt"/>
        <line num="117" count="0" type="stmt"/>
        <line num="126" count="0" type="stmt"/>
        <line num="127" count="0" type="stmt"/>
        <line num="130" count="0" type="stmt"/>
        <line num="131" count="0" type="stmt"/>
        <line num="139" count="0" type="cond" truecount="0" falsecount="2"/>
        <line num="140" count="0" type="stmt"/>
        <line num="142" count="0" type="cond" truecount="0" falsecount="2"/>
        <line num="143" count="0" type="stmt"/>
        <line num="144" count="0" type="stmt"/>
        <line num="147" count="0" type="stmt"/>
        <line num="149" count="0" type="stmt"/>
        <line num="155" count="0" type="stmt"/>
        <line num="156" count="0" type="stmt"/>
        <line num="162" count="0" type="stmt"/>
        <line num="191" count="0" type="stmt"/>
        <line num="204" count="0" type="stmt"/>
        <line num="217" count="0" type="stmt"/>
        <line num="229" count="0" type="stmt"/>
        <line num="241" count="0" type="stmt"/>
        <line num="247" count="0" type="stmt"/>
      </file>
    </package>
    <package name="pages.SignIn">
      <metrics statements="23" coveredstatements="7" conditionals="4" coveredconditionals="1" methods="7" coveredmethods="1"/>
      <file name="index.tsx" path="C:\Users\Rubens\Desktop\dev-projects\React Native\appmyterial\src\pages\SignIn\index.tsx">
        <metrics statements="23" coveredstatements="7" conditionals="4" coveredconditionals="1" methods="7" coveredmethods="1"/>
        <line num="35" count="1" type="stmt"/>
        <line num="36" count="1" type="stmt"/>
        <line num="37" count="1" type="stmt"/>
        <line num="38" count="1" type="stmt"/>
        <line num="39" count="1" type="stmt"/>
        <line num="41" count="1" type="stmt"/>
        <line num="43" count="0" type="stmt"/>
        <line num="44" count="0" type="stmt"/>
        <line num="46" count="0" type="stmt"/>
        <line num="53" count="0" type="stmt"/>
        <line num="57" count="0" type="stmt"/>
        <line num="62" count="0" type="cond" truecount="0" falsecount="2"/>
        <line num="63" count="0" type="stmt"/>
        <line num="65" count="0" type="stmt"/>
        <line num="67" count="0" type="stmt"/>
        <line num="70" count="0" type="stmt"/>
        <line num="72" count="0" type="stmt"/>
        <line num="81" count="1" type="stmt"/>
        <line num="107" count="0" type="stmt"/>
        <line num="118" count="0" type="stmt"/>
        <line num="124" count="0" type="stmt"/>
        <line num="133" count="0" type="stmt"/>
        <line num="142" count="0" type="stmt"/>
      </file>
    </package>
    <package name="pages.SignUp">
      <metrics statements="24" coveredstatements="0" conditionals="4" coveredconditionals="0" methods="7" coveredmethods="0"/>
      <file name="index.tsx" path="C:\Users\Rubens\Desktop\dev-projects\React Native\appmyterial\src\pages\SignUp\index.tsx">
        <metrics statements="24" coveredstatements="0" conditionals="4" coveredconditionals="0" methods="7" coveredmethods="0"/>
        <line num="29" count="0" type="stmt"/>
        <line num="30" count="0" type="stmt"/>
        <line num="31" count="0" type="stmt"/>
        <line num="33" count="0" type="stmt"/>
        <line num="34" count="0" type="stmt"/>
        <line num="36" count="0" type="stmt"/>
        <line num="38" count="0" type="stmt"/>
        <line num="39" count="0" type="stmt"/>
        <line num="41" count="0" type="stmt"/>
        <line num="49" count="0" type="stmt"/>
        <line num="53" count="0" type="stmt"/>
        <line num="55" count="0" type="stmt"/>
        <line num="60" count="0" type="stmt"/>
        <line num="62" count="0" type="cond" truecount="0" falsecount="2"/>
        <line num="63" count="0" type="stmt"/>
        <line num="65" count="0" type="stmt"/>
        <line num="67" count="0" type="stmt"/>
        <line num="70" count="0" type="stmt"/>
        <line num="76" count="0" type="stmt"/>
        <line num="100" count="0" type="stmt"/>
        <line num="113" count="0" type="stmt"/>
        <line num="125" count="0" type="stmt"/>
        <line num="131" count="0" type="stmt"/>
        <line num="143" count="0" type="stmt"/>
      </file>
    </package>
  </project>
</coverage>
