{"C:\\Users\\Rubens\\Desktop\\dev-projects\\React Native\\appmyterial\\src\\components\\Button\\index.tsx": {"path":"C:\\Users\\Rubens\\Desktop\\dev-projects\\React Native\\appmyterial\\src\\components\\Button\\index.tsx","statementMap":{"0":{"start":{"line":10,"column":38},"end":{"line":14,"column":1}},"1":{"start":{"line":11,"column":2},"end":{"line":13,"column":14}}},"fnMap":{"0":{"name":"(anonymous_0)","decl":{"start":{"line":10,"column":38},"end":{"line":10,"column":39}},"loc":{"start":{"line":11,"column":2},"end":{"line":13,"column":14}},"line":11}},"branchMap":{},"s":{"0":1,"1":1},"f":{"0":1},"b":{},"_coverageSchema":"1a1c01bbd47fc00a2c39e90264f33305004495a9","hash":"04c20b020c385383ae63a2253d57201585927406"}
,"C:\\Users\\Rubens\\Desktop\\dev-projects\\React Native\\appmyterial\\src\\components\\Input\\index.tsx": {"path":"C:\\Users\\Rubens\\Desktop\\dev-projects\\React Native\\appmyterial\\src\\components\\Input\\index.tsx","statementMap":{"0":{"start":{"line":28,"column":66},"end":{"line":90,"column":1}},"1":{"start":{"line":32,"column":26},"end":{"line":32,"column":43}},"2":{"start":{"line":34,"column":65},"end":{"line":34,"column":79}},"3":{"start":{"line":35,"column":24},"end":{"line":35,"column":66}},"4":{"start":{"line":37,"column":36},"end":{"line":37,"column":51}},"5":{"start":{"line":38,"column":34},"end":{"line":38,"column":49}},"6":{"start":{"line":40,"column":27},"end":{"line":42,"column":8}},"7":{"start":{"line":41,"column":4},"end":{"line":41,"column":22}},"8":{"start":{"line":44,"column":26},"end":{"line":47,"column":8}},"9":{"start":{"line":45,"column":4},"end":{"line":45,"column":23}},"10":{"start":{"line":46,"column":4},"end":{"line":46,"column":46}},"11":{"start":{"line":49,"column":2},"end":{"line":53,"column":5}},"12":{"start":{"line":49,"column":34},"end":{"line":53,"column":3}},"13":{"start":{"line":51,"column":6},"end":{"line":51,"column":37}},"14":{"start":{"line":55,"column":2},"end":{"line":61,"column":32}},"15":{"start":{"line":56,"column":4},"end":{"line":60,"column":6}},"16":{"start":{"line":63,"column":2},"end":{"line":89,"column":3}},"17":{"start":{"line":84,"column":10},"end":{"line":84,"column":45}}},"fnMap":{"0":{"name":"(anonymous_0)","decl":{"start":{"line":28,"column":66},"end":{"line":28,"column":67}},"loc":{"start":{"line":31,"column":5},"end":{"line":90,"column":1}},"line":31},"1":{"name":"(anonymous_1)","decl":{"start":{"line":40,"column":39},"end":{"line":40,"column":40}},"loc":{"start":{"line":40,"column":45},"end":{"line":42,"column":3}},"line":40},"2":{"name":"(anonymous_2)","decl":{"start":{"line":44,"column":38},"end":{"line":44,"column":39}},"loc":{"start":{"line":44,"column":44},"end":{"line":47,"column":3}},"line":44},"3":{"name":"(anonymous_3)","decl":{"start":{"line":49,"column":27},"end":{"line":49,"column":28}},"loc":{"start":{"line":49,"column":34},"end":{"line":53,"column":3}},"line":49},"4":{"name":"(anonymous_4)","decl":{"start":{"line":50,"column":4},"end":{"line":50,"column":5}},"loc":{"start":{"line":50,"column":12},"end":{"line":52,"column":5}},"line":50},"5":{"name":"(anonymous_5)","decl":{"start":{"line":55,"column":12},"end":{"line":55,"column":13}},"loc":{"start":{"line":55,"column":18},"end":{"line":61,"column":3}},"line":55},"6":{"name":"(anonymous_6)","decl":{"start":{"line":83,"column":22},"end":{"line":83,"column":23}},"loc":{"start":{"line":83,"column":33},"end":{"line":85,"column":9}},"line":83}},"branchMap":{"0":{"loc":{"start":{"line":29,"column":16},"end":{"line":29,"column":35}},"type":"default-arg","locations":[{"start":{"line":29,"column":33},"end":{"line":29,"column":35}}],"line":29},"1":{"loc":{"start":{"line":34,"column":25},"end":{"line":34,"column":42}},"type":"default-arg","locations":[{"start":{"line":34,"column":40},"end":{"line":34,"column":42}}],"line":34},"2":{"loc":{"start":{"line":73,"column":15},"end":{"line":73,"column":60}},"type":"cond-expr","locations":[{"start":{"line":73,"column":39},"end":{"line":73,"column":48}},{"start":{"line":73,"column":51},"end":{"line":73,"column":60}}],"line":73},"3":{"loc":{"start":{"line":73,"column":15},"end":{"line":73,"column":36}},"type":"binary-expr","locations":[{"start":{"line":73,"column":15},"end":{"line":73,"column":24}},{"start":{"line":73,"column":28},"end":{"line":73,"column":36}}],"line":73}},"s":{"0":2,"1":3,"2":3,"3":3,"4":3,"5":3,"6":3,"7":0,"8":3,"9":0,"10":0,"11":3,"12":1,"13":0,"14":3,"15":3,"16":3,"17":0},"f":{"0":3,"1":0,"2":0,"3":1,"4":0,"5":3,"6":0},"b":{"0":[3],"1":[2],"2":[0,3],"3":[3,3]},"_coverageSchema":"1a1c01bbd47fc00a2c39e90264f33305004495a9","hash":"56fe3ad7c86706336ec5c575c1f1bdcbc1e6283d"}
,"C:\\Users\\Rubens\\Desktop\\dev-projects\\React Native\\appmyterial\\src\\hooks\\auth.tsx": {"path":"C:\\Users\\Rubens\\Desktop\\dev-projects\\React Native\\appmyterial\\src\\hooks\\auth.tsx","statementMap":{"0":{"start":{"line":36,"column":20},"end":{"line":36,"column":73}},"1":{"start":{"line":38,"column":31},"end":{"line":104,"column":1}},"2":{"start":{"line":39,"column":26},"end":{"line":39,"column":62}},"3":{"start":{"line":40,"column":32},"end":{"line":40,"column":46}},"4":{"start":{"line":42,"column":2},"end":{"line":59,"column":8}},"5":{"start":{"line":44,"column":28},"end":{"line":47,"column":8}},"6":{"start":{"line":49,"column":6},"end":{"line":53,"column":7}},"7":{"start":{"line":50,"column":8},"end":{"line":50,"column":65}},"8":{"start":{"line":52,"column":8},"end":{"line":52,"column":63}},"9":{"start":{"line":55,"column":6},"end":{"line":55,"column":23}},"10":{"start":{"line":58,"column":4},"end":{"line":58,"column":21}},"11":{"start":{"line":61,"column":17},"end":{"line":77,"column":8}},"12":{"start":{"line":62,"column":21},"end":{"line":65,"column":6}},"13":{"start":{"line":67,"column":28},"end":{"line":67,"column":41}},"14":{"start":{"line":69,"column":4},"end":{"line":72,"column":6}},"15":{"start":{"line":74,"column":4},"end":{"line":74,"column":58}},"16":{"start":{"line":76,"column":4},"end":{"line":76,"column":28}},"17":{"start":{"line":79,"column":21},"end":{"line":89,"column":3}},"18":{"start":{"line":81,"column":6},"end":{"line":81,"column":72}},"19":{"start":{"line":83,"column":6},"end":{"line":86,"column":8}},"20":{"start":{"line":91,"column":18},"end":{"line":95,"column":8}},"21":{"start":{"line":92,"column":4},"end":{"line":92,"column":73}},"22":{"start":{"line":94,"column":4},"end":{"line":94,"column":28}},"23":{"start":{"line":97,"column":2},"end":{"line":103,"column":3}},"24":{"start":{"line":106,"column":16},"end":{"line":114,"column":1}},"25":{"start":{"line":107,"column":18},"end":{"line":107,"column":41}},"26":{"start":{"line":109,"column":2},"end":{"line":111,"column":3}},"27":{"start":{"line":110,"column":4},"end":{"line":110,"column":65}},"28":{"start":{"line":113,"column":2},"end":{"line":113,"column":16}}},"fnMap":{"0":{"name":"(anonymous_0)","decl":{"start":{"line":38,"column":31},"end":{"line":38,"column":32}},"loc":{"start":{"line":38,"column":49},"end":{"line":104,"column":1}},"line":38},"1":{"name":"(anonymous_1)","decl":{"start":{"line":42,"column":12},"end":{"line":42,"column":13}},"loc":{"start":{"line":42,"column":18},"end":{"line":59,"column":3}},"line":42},"2":{"name":"loadStorageData","decl":{"start":{"line":43,"column":19},"end":{"line":43,"column":34}},"loc":{"start":{"line":43,"column":52},"end":{"line":56,"column":5}},"line":43},"3":{"name":"(anonymous_3)","decl":{"start":{"line":61,"column":29},"end":{"line":61,"column":30}},"loc":{"start":{"line":61,"column":60},"end":{"line":77,"column":3}},"line":61},"4":{"name":"(anonymous_4)","decl":{"start":{"line":80,"column":4},"end":{"line":80,"column":5}},"loc":{"start":{"line":80,"column":26},"end":{"line":87,"column":5}},"line":80},"5":{"name":"(anonymous_5)","decl":{"start":{"line":91,"column":30},"end":{"line":91,"column":31}},"loc":{"start":{"line":91,"column":42},"end":{"line":95,"column":3}},"line":91},"6":{"name":"(anonymous_6)","decl":{"start":{"line":106,"column":16},"end":{"line":106,"column":17}},"loc":{"start":{"line":106,"column":39},"end":{"line":114,"column":1}},"line":106}},"branchMap":{"0":{"loc":{"start":{"line":49,"column":6},"end":{"line":53,"column":7}},"type":"if","locations":[{"start":{"line":49,"column":6},"end":{"line":53,"column":7}},{"start":{"line":49,"column":6},"end":{"line":53,"column":7}}],"line":49},"1":{"loc":{"start":{"line":49,"column":10},"end":{"line":49,"column":29}},"type":"binary-expr","locations":[{"start":{"line":49,"column":10},"end":{"line":49,"column":18}},{"start":{"line":49,"column":22},"end":{"line":49,"column":29}}],"line":49},"2":{"loc":{"start":{"line":109,"column":2},"end":{"line":111,"column":3}},"type":"if","locations":[{"start":{"line":109,"column":2},"end":{"line":111,"column":3}},{"start":{"line":109,"column":2},"end":{"line":111,"column":3}}],"line":109}},"s":{"0":1,"1":1,"2":7,"3":7,"4":7,"5":2,"6":2,"7":1,"8":1,"9":2,"10":2,"11":7,"12":1,"13":1,"14":1,"15":1,"16":1,"17":7,"18":1,"19":1,"20":7,"21":0,"22":0,"23":7,"24":1,"25":7,"26":7,"27":0,"28":7},"f":{"0":7,"1":2,"2":2,"3":1,"4":1,"5":0,"6":7},"b":{"0":[1,1],"1":[2,1],"2":[0,7]},"_coverageSchema":"1a1c01bbd47fc00a2c39e90264f33305004495a9","hash":"e3cd13308b133d4a59d8dccdd481f2339d1f9ceb"}
,"C:\\Users\\Rubens\\Desktop\\dev-projects\\React Native\\appmyterial\\src\\pages\\CreateMaterial\\index.tsx": {"path":"C:\\Users\\Rubens\\Desktop\\dev-projects\\React Native\\appmyterial\\src\\pages\\CreateMaterial\\index.tsx","statementMap":{"0":{"start":{"line":34,"column":33},"end":{"line":216,"column":1}},"1":{"start":{"line":35,"column":18},"end":{"line":35,"column":43}},"2":{"start":{"line":36,"column":21},"end":{"line":36,"column":36}},"3":{"start":{"line":38,"column":23},"end":{"line":38,"column":46}},"4":{"start":{"line":39,"column":30},"end":{"line":39,"column":53}},"5":{"start":{"line":40,"column":31},"end":{"line":40,"column":54}},"6":{"start":{"line":41,"column":25},"end":{"line":41,"column":48}},"7":{"start":{"line":42,"column":24},"end":{"line":42,"column":47}},"8":{"start":{"line":43,"column":24},"end":{"line":43,"column":47}},"9":{"start":{"line":44,"column":23},"end":{"line":44,"column":46}},"10":{"start":{"line":46,"column":31},"end":{"line":90,"column":3}},"11":{"start":{"line":48,"column":6},"end":{"line":87,"column":7}},"12":{"start":{"line":49,"column":8},"end":{"line":49,"column":38}},"13":{"start":{"line":51,"column":23},"end":{"line":60,"column":10}},"14":{"start":{"line":62,"column":8},"end":{"line":64,"column":10}},"15":{"start":{"line":66,"column":8},"end":{"line":66,"column":42}},"16":{"start":{"line":68,"column":8},"end":{"line":71,"column":9}},"17":{"start":{"line":73,"column":8},"end":{"line":73,"column":40}},"18":{"start":{"line":75,"column":8},"end":{"line":81,"column":9}},"19":{"start":{"line":76,"column":25},"end":{"line":76,"column":49}},"20":{"start":{"line":78,"column":10},"end":{"line":78,"column":44}},"21":{"start":{"line":80,"column":10},"end":{"line":80,"column":16}},"22":{"start":{"line":83,"column":8},"end":{"line":86,"column":9}},"23":{"start":{"line":92,"column":23},"end":{"line":94,"column":18}},"24":{"start":{"line":93,"column":4},"end":{"line":93,"column":23}},"25":{"start":{"line":96,"column":2},"end":{"line":215,"column":3}},"26":{"start":{"line":121,"column":18},"end":{"line":121,"column":47}},"27":{"start":{"line":132,"column":18},"end":{"line":132,"column":54}},"28":{"start":{"line":143,"column":18},"end":{"line":143,"column":55}},"29":{"start":{"line":154,"column":18},"end":{"line":154,"column":49}},"30":{"start":{"line":166,"column":18},"end":{"line":166,"column":48}},"31":{"start":{"line":177,"column":18},"end":{"line":177,"column":48}},"32":{"start":{"line":188,"column":18},"end":{"line":188,"column":47}},"33":{"start":{"line":199,"column":18},"end":{"line":199,"column":47}},"34":{"start":{"line":205,"column":18},"end":{"line":205,"column":47}}},"fnMap":{"0":{"name":"(anonymous_0)","decl":{"start":{"line":34,"column":33},"end":{"line":34,"column":34}},"loc":{"start":{"line":34,"column":39},"end":{"line":216,"column":1}},"line":34},"1":{"name":"(anonymous_1)","decl":{"start":{"line":47,"column":4},"end":{"line":47,"column":5}},"loc":{"start":{"line":47,"column":44},"end":{"line":88,"column":5}},"line":47},"2":{"name":"(anonymous_2)","decl":{"start":{"line":92,"column":35},"end":{"line":92,"column":36}},"loc":{"start":{"line":92,"column":41},"end":{"line":94,"column":3}},"line":92},"3":{"name":"(anonymous_3)","decl":{"start":{"line":120,"column":33},"end":{"line":120,"column":34}},"loc":{"start":{"line":120,"column":39},"end":{"line":122,"column":17}},"line":120},"4":{"name":"(anonymous_4)","decl":{"start":{"line":131,"column":33},"end":{"line":131,"column":34}},"loc":{"start":{"line":131,"column":39},"end":{"line":133,"column":17}},"line":131},"5":{"name":"(anonymous_5)","decl":{"start":{"line":142,"column":33},"end":{"line":142,"column":34}},"loc":{"start":{"line":142,"column":39},"end":{"line":144,"column":17}},"line":142},"6":{"name":"(anonymous_6)","decl":{"start":{"line":153,"column":33},"end":{"line":153,"column":34}},"loc":{"start":{"line":153,"column":39},"end":{"line":155,"column":17}},"line":153},"7":{"name":"(anonymous_7)","decl":{"start":{"line":165,"column":33},"end":{"line":165,"column":34}},"loc":{"start":{"line":165,"column":39},"end":{"line":167,"column":17}},"line":165},"8":{"name":"(anonymous_8)","decl":{"start":{"line":176,"column":33},"end":{"line":176,"column":34}},"loc":{"start":{"line":176,"column":39},"end":{"line":178,"column":17}},"line":176},"9":{"name":"(anonymous_9)","decl":{"start":{"line":187,"column":33},"end":{"line":187,"column":34}},"loc":{"start":{"line":187,"column":39},"end":{"line":189,"column":17}},"line":187},"10":{"name":"(anonymous_10)","decl":{"start":{"line":198,"column":33},"end":{"line":198,"column":34}},"loc":{"start":{"line":198,"column":39},"end":{"line":200,"column":17}},"line":198},"11":{"name":"(anonymous_11)","decl":{"start":{"line":204,"column":25},"end":{"line":204,"column":26}},"loc":{"start":{"line":204,"column":31},"end":{"line":206,"column":17}},"line":204}},"branchMap":{"0":{"loc":{"start":{"line":75,"column":8},"end":{"line":81,"column":9}},"type":"if","locations":[{"start":{"line":75,"column":8},"end":{"line":81,"column":9}},{"start":{"line":75,"column":8},"end":{"line":81,"column":9}}],"line":75},"1":{"loc":{"start":{"line":100,"column":18},"end":{"line":100,"column":63}},"type":"cond-expr","locations":[{"start":{"line":100,"column":42},"end":{"line":100,"column":51}},{"start":{"line":100,"column":54},"end":{"line":100,"column":63}}],"line":100}},"s":{"0":0,"1":0,"2":0,"3":0,"4":0,"5":0,"6":0,"7":0,"8":0,"9":0,"10":0,"11":0,"12":0,"13":0,"14":0,"15":0,"16":0,"17":0,"18":0,"19":0,"20":0,"21":0,"22":0,"23":0,"24":0,"25":0,"26":0,"27":0,"28":0,"29":0,"30":0,"31":0,"32":0,"33":0,"34":0},"f":{"0":0,"1":0,"2":0,"3":0,"4":0,"5":0,"6":0,"7":0,"8":0,"9":0,"10":0,"11":0},"b":{"0":[0,0],"1":[0,0]}}
,"C:\\Users\\Rubens\\Desktop\\dev-projects\\React Native\\appmyterial\\src\\pages\\Dashboard\\index.tsx": {"path":"C:\\Users\\Rubens\\Desktop\\dev-projects\\React Native\\appmyterial\\src\\pages\\Dashboard\\index.tsx","statementMap":{"0":{"start":{"line":34,"column":28},"end":{"line":116,"column":1}},"1":{"start":{"line":35,"column":36},"end":{"line":35,"column":60}},"2":{"start":{"line":37,"column":19},"end":{"line":37,"column":28}},"3":{"start":{"line":38,"column":23},"end":{"line":38,"column":38}},"4":{"start":{"line":46,"column":2},"end":{"line":52,"column":3}},"5":{"start":{"line":48,"column":6},"end":{"line":50,"column":8}},"6":{"start":{"line":49,"column":8},"end":{"line":49,"column":35}},"7":{"start":{"line":54,"column":28},"end":{"line":56,"column":16}},"8":{"start":{"line":55,"column":4},"end":{"line":55,"column":23}},"9":{"start":{"line":58,"column":35},"end":{"line":60,"column":16}},"10":{"start":{"line":59,"column":4},"end":{"line":59,"column":30}},"11":{"start":{"line":62,"column":35},"end":{"line":67,"column":3}},"12":{"start":{"line":64,"column":6},"end":{"line":64,"column":48}},"13":{"start":{"line":69,"column":2},"end":{"line":115,"column":3}},"14":{"start":{"line":88,"column":36},"end":{"line":88,"column":47}},"15":{"start":{"line":91,"column":10},"end":{"line":111,"column":30}},"16":{"start":{"line":93,"column":14},"end":{"line":93,"column":51}}},"fnMap":{"0":{"name":"(anonymous_0)","decl":{"start":{"line":34,"column":28},"end":{"line":34,"column":29}},"loc":{"start":{"line":34,"column":34},"end":{"line":116,"column":1}},"line":34},"1":{"name":"(anonymous_1)","decl":{"start":{"line":47,"column":16},"end":{"line":47,"column":17}},"loc":{"start":{"line":47,"column":22},"end":{"line":51,"column":5}},"line":47},"2":{"name":"(anonymous_2)","decl":{"start":{"line":48,"column":35},"end":{"line":48,"column":36}},"loc":{"start":{"line":48,"column":49},"end":{"line":50,"column":7}},"line":48},"3":{"name":"(anonymous_3)","decl":{"start":{"line":54,"column":40},"end":{"line":54,"column":41}},"loc":{"start":{"line":54,"column":46},"end":{"line":56,"column":3}},"line":54},"4":{"name":"(anonymous_4)","decl":{"start":{"line":58,"column":47},"end":{"line":58,"column":48}},"loc":{"start":{"line":58,"column":53},"end":{"line":60,"column":3}},"line":58},"5":{"name":"(anonymous_5)","decl":{"start":{"line":63,"column":4},"end":{"line":63,"column":5}},"loc":{"start":{"line":63,"column":28},"end":{"line":65,"column":5}},"line":63},"6":{"name":"(anonymous_6)","decl":{"start":{"line":88,"column":22},"end":{"line":88,"column":23}},"loc":{"start":{"line":88,"column":36},"end":{"line":88,"column":47}},"line":88},"7":{"name":"(anonymous_7)","decl":{"start":{"line":90,"column":20},"end":{"line":90,"column":21}},"loc":{"start":{"line":91,"column":10},"end":{"line":111,"column":30}},"line":91},"8":{"name":"(anonymous_8)","decl":{"start":{"line":92,"column":21},"end":{"line":92,"column":22}},"loc":{"start":{"line":92,"column":27},"end":{"line":94,"column":13}},"line":92}},"branchMap":{},"s":{"0":0,"1":0,"2":0,"3":0,"4":0,"5":0,"6":0,"7":0,"8":0,"9":0,"10":0,"11":0,"12":0,"13":0,"14":0,"15":0,"16":0},"f":{"0":0,"1":0,"2":0,"3":0,"4":0,"5":0,"6":0,"7":0,"8":0},"b":{}}
,"C:\\Users\\Rubens\\Desktop\\dev-projects\\React Native\\appmyterial\\src\\pages\\MaterialDetail\\index.tsx": {"path":"C:\\Users\\Rubens\\Desktop\\dev-projects\\React Native\\appmyterial\\src\\pages\\MaterialDetail\\index.tsx","statementMap":{"0":{"start":{"line":43,"column":33},"end":{"line":182,"column":1}},"1":{"start":{"line":44,"column":16},"end":{"line":44,"column":26}},"2":{"start":{"line":46,"column":22},"end":{"line":46,"column":49}},"3":{"start":{"line":48,"column":31},"end":{"line":48,"column":40}},"4":{"start":{"line":49,"column":29},"end":{"line":49,"column":61}},"5":{"start":{"line":50,"column":34},"end":{"line":50,"column":62}},"6":{"start":{"line":52,"column":18},"end":{"line":52,"column":43}},"7":{"start":{"line":53,"column":21},"end":{"line":53,"column":36}},"8":{"start":{"line":55,"column":2},"end":{"line":59,"column":24}},"9":{"start":{"line":56,"column":4},"end":{"line":58,"column":6}},"10":{"start":{"line":57,"column":6},"end":{"line":57,"column":32}},"11":{"start":{"line":61,"column":23},"end":{"line":63,"column":18}},"12":{"start":{"line":62,"column":4},"end":{"line":62,"column":23}},"13":{"start":{"line":65,"column":29},"end":{"line":95,"column":27}},"14":{"start":{"line":66,"column":4},"end":{"line":94,"column":5}},"15":{"start":{"line":74,"column":8},"end":{"line":76,"column":9}},"16":{"start":{"line":75,"column":10},"end":{"line":75,"column":16}},"17":{"start":{"line":77,"column":8},"end":{"line":80,"column":9}},"18":{"start":{"line":78,"column":10},"end":{"line":78,"column":54}},"19":{"start":{"line":79,"column":10},"end":{"line":79,"column":16}},"20":{"start":{"line":82,"column":21},"end":{"line":82,"column":35}},"21":{"start":{"line":84,"column":8},"end":{"line":88,"column":10}},"22":{"start":{"line":90,"column":8},"end":{"line":92,"column":10}},"23":{"start":{"line":91,"column":10},"end":{"line":91,"column":38}},"24":{"start":{"line":97,"column":2},"end":{"line":181,"column":3}}},"fnMap":{"0":{"name":"(anonymous_0)","decl":{"start":{"line":43,"column":33},"end":{"line":43,"column":34}},"loc":{"start":{"line":43,"column":39},"end":{"line":182,"column":1}},"line":43},"1":{"name":"(anonymous_1)","decl":{"start":{"line":55,"column":12},"end":{"line":55,"column":13}},"loc":{"start":{"line":55,"column":18},"end":{"line":59,"column":3}},"line":55},"2":{"name":"(anonymous_2)","decl":{"start":{"line":56,"column":53},"end":{"line":56,"column":54}},"loc":{"start":{"line":56,"column":67},"end":{"line":58,"column":5}},"line":56},"3":{"name":"(anonymous_3)","decl":{"start":{"line":61,"column":35},"end":{"line":61,"column":36}},"loc":{"start":{"line":61,"column":41},"end":{"line":63,"column":3}},"line":61},"4":{"name":"(anonymous_4)","decl":{"start":{"line":65,"column":41},"end":{"line":65,"column":42}},"loc":{"start":{"line":65,"column":47},"end":{"line":95,"column":3}},"line":65},"5":{"name":"(anonymous_5)","decl":{"start":{"line":73,"column":6},"end":{"line":73,"column":7}},"loc":{"start":{"line":73,"column":20},"end":{"line":93,"column":7}},"line":73},"6":{"name":"(anonymous_6)","decl":{"start":{"line":90,"column":45},"end":{"line":90,"column":46}},"loc":{"start":{"line":90,"column":62},"end":{"line":92,"column":9}},"line":90},"7":{"name":"(anonymous_7)","decl":{"start":{"line":118,"column":65},"end":{"line":118,"column":66}},"loc":{"start":{"line":118,"column":71},"end":{"line":118,"column":73}},"line":118}},"branchMap":{"0":{"loc":{"start":{"line":74,"column":8},"end":{"line":76,"column":9}},"type":"if","locations":[{"start":{"line":74,"column":8},"end":{"line":76,"column":9}},{"start":{"line":74,"column":8},"end":{"line":76,"column":9}}],"line":74},"1":{"loc":{"start":{"line":77,"column":8},"end":{"line":80,"column":9}},"type":"if","locations":[{"start":{"line":77,"column":8},"end":{"line":80,"column":9}},{"start":{"line":77,"column":8},"end":{"line":80,"column":9}}],"line":77},"2":{"loc":{"start":{"line":101,"column":18},"end":{"line":101,"column":63}},"type":"cond-expr","locations":[{"start":{"line":101,"column":42},"end":{"line":101,"column":51}},{"start":{"line":101,"column":54},"end":{"line":101,"column":63}}],"line":101}},"s":{"0":0,"1":0,"2":0,"3":0,"4":0,"5":0,"6":0,"7":0,"8":0,"9":0,"10":0,"11":0,"12":0,"13":0,"14":0,"15":0,"16":0,"17":0,"18":0,"19":0,"20":0,"21":0,"22":0,"23":0,"24":0},"f":{"0":0,"1":0,"2":0,"3":0,"4":0,"5":0,"6":0,"7":0},"b":{"0":[0,0],"1":[0,0],"2":[0,0]}}
,"C:\\Users\\Rubens\\Desktop\\dev-projects\\React Native\\appmyterial\\src\\pages\\Profile\\index.tsx": {"path":"C:\\Users\\Rubens\\Desktop\\dev-projects\\React Native\\appmyterial\\src\\pages\\Profile\\index.tsx","statementMap":{"0":{"start":{"line":39,"column":26},"end":{"line":258,"column":1}},"1":{"start":{"line":40,"column":31},"end":{"line":40,"column":40}},"2":{"start":{"line":42,"column":18},"end":{"line":42,"column":43}},"3":{"start":{"line":43,"column":21},"end":{"line":43,"column":36}},"4":{"start":{"line":45,"column":24},"end":{"line":45,"column":47}},"5":{"start":{"line":46,"column":27},"end":{"line":46,"column":50}},"6":{"start":{"line":47,"column":30},"end":{"line":47,"column":53}},"7":{"start":{"line":48,"column":34},"end":{"line":48,"column":57}},"8":{"start":{"line":50,"column":23},"end":{"line":124,"column":3}},"9":{"start":{"line":52,"column":6},"end":{"line":121,"column":7}},"10":{"start":{"line":53,"column":8},"end":{"line":53,"column":38}},"11":{"start":{"line":55,"column":23},"end":{"line":76,"column":10}},"12":{"start":{"line":62,"column":25},"end":{"line":62,"column":37}},"13":{"start":{"line":68,"column":27},"end":{"line":68,"column":39}},"14":{"start":{"line":78,"column":8},"end":{"line":80,"column":10}},"15":{"start":{"line":88,"column":12},"end":{"line":88,"column":16}},"16":{"start":{"line":90,"column":25},"end":{"line":96,"column":9}},"17":{"start":{"line":98,"column":25},"end":{"line":98,"column":60}},"18":{"start":{"line":100,"column":8},"end":{"line":100,"column":33}},"19":{"start":{"line":102,"column":8},"end":{"line":105,"column":9}},"20":{"start":{"line":107,"column":8},"end":{"line":107,"column":27}},"21":{"start":{"line":109,"column":8},"end":{"line":115,"column":9}},"22":{"start":{"line":110,"column":25},"end":{"line":110,"column":49}},"23":{"start":{"line":112,"column":10},"end":{"line":112,"column":44}},"24":{"start":{"line":114,"column":10},"end":{"line":114,"column":16}},"25":{"start":{"line":117,"column":8},"end":{"line":120,"column":9}},"26":{"start":{"line":126,"column":23},"end":{"line":128,"column":18}},"27":{"start":{"line":127,"column":4},"end":{"line":127,"column":23}},"28":{"start":{"line":130,"column":29},"end":{"line":160,"column":27}},"29":{"start":{"line":131,"column":4},"end":{"line":159,"column":5}},"30":{"start":{"line":139,"column":8},"end":{"line":141,"column":9}},"31":{"start":{"line":140,"column":10},"end":{"line":140,"column":16}},"32":{"start":{"line":142,"column":8},"end":{"line":145,"column":9}},"33":{"start":{"line":143,"column":10},"end":{"line":143,"column":54}},"34":{"start":{"line":144,"column":10},"end":{"line":144,"column":16}},"35":{"start":{"line":147,"column":21},"end":{"line":147,"column":35}},"36":{"start":{"line":149,"column":8},"end":{"line":153,"column":10}},"37":{"start":{"line":155,"column":8},"end":{"line":157,"column":10}},"38":{"start":{"line":156,"column":10},"end":{"line":156,"column":38}},"39":{"start":{"line":162,"column":2},"end":{"line":257,"column":3}},"40":{"start":{"line":191,"column":18},"end":{"line":191,"column":48}},"41":{"start":{"line":204,"column":18},"end":{"line":204,"column":54}},"42":{"start":{"line":217,"column":18},"end":{"line":217,"column":51}},"43":{"start":{"line":229,"column":18},"end":{"line":229,"column":58}},"44":{"start":{"line":241,"column":18},"end":{"line":241,"column":47}},"45":{"start":{"line":247,"column":18},"end":{"line":247,"column":47}}},"fnMap":{"0":{"name":"(anonymous_0)","decl":{"start":{"line":39,"column":26},"end":{"line":39,"column":27}},"loc":{"start":{"line":39,"column":32},"end":{"line":258,"column":1}},"line":39},"1":{"name":"(anonymous_1)","decl":{"start":{"line":51,"column":4},"end":{"line":51,"column":5}},"loc":{"start":{"line":51,"column":37},"end":{"line":122,"column":5}},"line":51},"2":{"name":"(anonymous_2)","decl":{"start":{"line":62,"column":16},"end":{"line":62,"column":17}},"loc":{"start":{"line":62,"column":25},"end":{"line":62,"column":37}},"line":62},"3":{"name":"(anonymous_3)","decl":{"start":{"line":68,"column":18},"end":{"line":68,"column":19}},"loc":{"start":{"line":68,"column":27},"end":{"line":68,"column":39}},"line":68},"4":{"name":"(anonymous_4)","decl":{"start":{"line":126,"column":35},"end":{"line":126,"column":36}},"loc":{"start":{"line":126,"column":41},"end":{"line":128,"column":3}},"line":126},"5":{"name":"(anonymous_5)","decl":{"start":{"line":130,"column":41},"end":{"line":130,"column":42}},"loc":{"start":{"line":130,"column":47},"end":{"line":160,"column":3}},"line":130},"6":{"name":"(anonymous_6)","decl":{"start":{"line":138,"column":6},"end":{"line":138,"column":7}},"loc":{"start":{"line":138,"column":20},"end":{"line":158,"column":7}},"line":138},"7":{"name":"(anonymous_7)","decl":{"start":{"line":155,"column":45},"end":{"line":155,"column":46}},"loc":{"start":{"line":155,"column":62},"end":{"line":157,"column":9}},"line":155},"8":{"name":"(anonymous_8)","decl":{"start":{"line":190,"column":33},"end":{"line":190,"column":34}},"loc":{"start":{"line":190,"column":39},"end":{"line":192,"column":17}},"line":190},"9":{"name":"(anonymous_9)","decl":{"start":{"line":203,"column":33},"end":{"line":203,"column":34}},"loc":{"start":{"line":203,"column":39},"end":{"line":205,"column":17}},"line":203},"10":{"name":"(anonymous_10)","decl":{"start":{"line":216,"column":33},"end":{"line":216,"column":34}},"loc":{"start":{"line":216,"column":39},"end":{"line":218,"column":17}},"line":216},"11":{"name":"(anonymous_11)","decl":{"start":{"line":228,"column":33},"end":{"line":228,"column":34}},"loc":{"start":{"line":228,"column":39},"end":{"line":230,"column":17}},"line":228},"12":{"name":"(anonymous_12)","decl":{"start":{"line":240,"column":33},"end":{"line":240,"column":34}},"loc":{"start":{"line":240,"column":39},"end":{"line":242,"column":17}},"line":240},"13":{"name":"(anonymous_13)","decl":{"start":{"line":246,"column":25},"end":{"line":246,"column":26}},"loc":{"start":{"line":246,"column":31},"end":{"line":248,"column":17}},"line":246}},"branchMap":{"0":{"loc":{"start":{"line":93,"column":14},"end":{"line":95,"column":16}},"type":"cond-expr","locations":[{"start":{"line":94,"column":14},"end":{"line":94,"column":63}},{"start":{"line":95,"column":14},"end":{"line":95,"column":16}}],"line":93},"1":{"loc":{"start":{"line":109,"column":8},"end":{"line":115,"column":9}},"type":"if","locations":[{"start":{"line":109,"column":8},"end":{"line":115,"column":9}},{"start":{"line":109,"column":8},"end":{"line":115,"column":9}}],"line":109},"2":{"loc":{"start":{"line":139,"column":8},"end":{"line":141,"column":9}},"type":"if","locations":[{"start":{"line":139,"column":8},"end":{"line":141,"column":9}},{"start":{"line":139,"column":8},"end":{"line":141,"column":9}}],"line":139},"3":{"loc":{"start":{"line":142,"column":8},"end":{"line":145,"column":9}},"type":"if","locations":[{"start":{"line":142,"column":8},"end":{"line":145,"column":9}},{"start":{"line":142,"column":8},"end":{"line":145,"column":9}}],"line":142},"4":{"loc":{"start":{"line":166,"column":18},"end":{"line":166,"column":63}},"type":"cond-expr","locations":[{"start":{"line":166,"column":42},"end":{"line":166,"column":51}},{"start":{"line":166,"column":54},"end":{"line":166,"column":63}}],"line":166}},"s":{"0":0,"1":0,"2":0,"3":0,"4":0,"5":0,"6":0,"7":0,"8":0,"9":0,"10":0,"11":0,"12":0,"13":0,"14":0,"15":0,"16":0,"17":0,"18":0,"19":0,"20":0,"21":0,"22":0,"23":0,"24":0,"25":0,"26":0,"27":0,"28":0,"29":0,"30":0,"31":0,"32":0,"33":0,"34":0,"35":0,"36":0,"37":0,"38":0,"39":0,"40":0,"41":0,"42":0,"43":0,"44":0,"45":0},"f":{"0":0,"1":0,"2":0,"3":0,"4":0,"5":0,"6":0,"7":0,"8":0,"9":0,"10":0,"11":0,"12":0,"13":0},"b":{"0":[0,0],"1":[0,0],"2":[0,0],"3":[0,0],"4":[0,0]}}
,"C:\\Users\\Rubens\\Desktop\\dev-projects\\React Native\\appmyterial\\src\\pages\\SignIn\\index.tsx": {"path":"C:\\Users\\Rubens\\Desktop\\dev-projects\\React Native\\appmyterial\\src\\pages\\SignIn\\index.tsx","statementMap":{"0":{"start":{"line":35,"column":25},"end":{"line":146,"column":1}},"1":{"start":{"line":36,"column":18},"end":{"line":36,"column":43}},"2":{"start":{"line":37,"column":27},"end":{"line":37,"column":50}},"3":{"start":{"line":38,"column":21},"end":{"line":38,"column":36}},"4":{"start":{"line":39,"column":21},"end":{"line":39,"column":30}},"5":{"start":{"line":41,"column":23},"end":{"line":77,"column":3}},"6":{"start":{"line":43,"column":6},"end":{"line":74,"column":7}},"7":{"start":{"line":44,"column":8},"end":{"line":44,"column":38}},"8":{"start":{"line":46,"column":23},"end":{"line":51,"column":10}},"9":{"start":{"line":53,"column":8},"end":{"line":55,"column":10}},"10":{"start":{"line":57,"column":8},"end":{"line":60,"column":10}},"11":{"start":{"line":62,"column":8},"end":{"line":68,"column":9}},"12":{"start":{"line":63,"column":25},"end":{"line":63,"column":49}},"13":{"start":{"line":65,"column":10},"end":{"line":65,"column":44}},"14":{"start":{"line":67,"column":10},"end":{"line":67,"column":16}},"15":{"start":{"line":70,"column":8},"end":{"line":73,"column":9}},"16":{"start":{"line":79,"column":2},"end":{"line":145,"column":3}},"17":{"start":{"line":105,"column":18},"end":{"line":105,"column":51}},"18":{"start":{"line":116,"column":18},"end":{"line":116,"column":47}},"19":{"start":{"line":122,"column":18},"end":{"line":122,"column":47}},"20":{"start":{"line":131,"column":16},"end":{"line":131,"column":37}},"21":{"start":{"line":140,"column":42},"end":{"line":140,"column":71}}},"fnMap":{"0":{"name":"(anonymous_0)","decl":{"start":{"line":35,"column":25},"end":{"line":35,"column":26}},"loc":{"start":{"line":35,"column":31},"end":{"line":146,"column":1}},"line":35},"1":{"name":"(anonymous_1)","decl":{"start":{"line":42,"column":4},"end":{"line":42,"column":5}},"loc":{"start":{"line":42,"column":36},"end":{"line":75,"column":5}},"line":42},"2":{"name":"(anonymous_2)","decl":{"start":{"line":104,"column":33},"end":{"line":104,"column":34}},"loc":{"start":{"line":104,"column":39},"end":{"line":106,"column":17}},"line":104},"3":{"name":"(anonymous_3)","decl":{"start":{"line":115,"column":33},"end":{"line":115,"column":34}},"loc":{"start":{"line":115,"column":39},"end":{"line":117,"column":17}},"line":115},"4":{"name":"(anonymous_4)","decl":{"start":{"line":121,"column":25},"end":{"line":121,"column":26}},"loc":{"start":{"line":121,"column":31},"end":{"line":123,"column":17}},"line":121},"5":{"name":"(anonymous_5)","decl":{"start":{"line":130,"column":23},"end":{"line":130,"column":24}},"loc":{"start":{"line":130,"column":29},"end":{"line":132,"column":15}},"line":130},"6":{"name":"(anonymous_6)","decl":{"start":{"line":140,"column":36},"end":{"line":140,"column":37}},"loc":{"start":{"line":140,"column":42},"end":{"line":140,"column":71}},"line":140}},"branchMap":{"0":{"loc":{"start":{"line":62,"column":8},"end":{"line":68,"column":9}},"type":"if","locations":[{"start":{"line":62,"column":8},"end":{"line":68,"column":9}},{"start":{"line":62,"column":8},"end":{"line":68,"column":9}}],"line":62},"1":{"loc":{"start":{"line":83,"column":18},"end":{"line":83,"column":63}},"type":"cond-expr","locations":[{"start":{"line":83,"column":42},"end":{"line":83,"column":51}},{"start":{"line":83,"column":54},"end":{"line":83,"column":63}}],"line":83}},"s":{"0":1,"1":1,"2":1,"3":1,"4":1,"5":1,"6":0,"7":0,"8":0,"9":0,"10":0,"11":0,"12":0,"13":0,"14":0,"15":0,"16":1,"17":0,"18":0,"19":0,"20":0,"21":0},"f":{"0":1,"1":0,"2":0,"3":0,"4":0,"5":0,"6":0},"b":{"0":[0,0],"1":[1,0]},"_coverageSchema":"1a1c01bbd47fc00a2c39e90264f33305004495a9","hash":"9470f9f6e1ecd6034799f8bca24a2ad6e0f330ae"}
,"C:\\Users\\Rubens\\Desktop\\dev-projects\\React Native\\appmyterial\\src\\pages\\SignUp\\index.tsx": {"path":"C:\\Users\\Rubens\\Desktop\\dev-projects\\React Native\\appmyterial\\src\\pages\\SignUp\\index.tsx","statementMap":{"0":{"start":{"line":29,"column":25},"end":{"line":151,"column":1}},"1":{"start":{"line":30,"column":18},"end":{"line":30,"column":43}},"2":{"start":{"line":31,"column":21},"end":{"line":31,"column":36}},"3":{"start":{"line":33,"column":24},"end":{"line":33,"column":47}},"4":{"start":{"line":34,"column":27},"end":{"line":34,"column":50}},"5":{"start":{"line":36,"column":23},"end":{"line":74,"column":3}},"6":{"start":{"line":38,"column":6},"end":{"line":71,"column":7}},"7":{"start":{"line":39,"column":8},"end":{"line":39,"column":38}},"8":{"start":{"line":41,"column":23},"end":{"line":47,"column":10}},"9":{"start":{"line":49,"column":8},"end":{"line":51,"column":10}},"10":{"start":{"line":53,"column":8},"end":{"line":53,"column":38}},"11":{"start":{"line":55,"column":8},"end":{"line":58,"column":9}},"12":{"start":{"line":60,"column":8},"end":{"line":60,"column":27}},"13":{"start":{"line":62,"column":8},"end":{"line":68,"column":9}},"14":{"start":{"line":63,"column":25},"end":{"line":63,"column":49}},"15":{"start":{"line":65,"column":10},"end":{"line":65,"column":44}},"16":{"start":{"line":67,"column":10},"end":{"line":67,"column":16}},"17":{"start":{"line":70,"column":8},"end":{"line":70,"column":52}},"18":{"start":{"line":76,"column":2},"end":{"line":150,"column":3}},"19":{"start":{"line":100,"column":18},"end":{"line":100,"column":48}},"20":{"start":{"line":113,"column":18},"end":{"line":113,"column":51}},"21":{"start":{"line":125,"column":18},"end":{"line":125,"column":47}},"22":{"start":{"line":131,"column":18},"end":{"line":131,"column":47}},"23":{"start":{"line":143,"column":10},"end":{"line":143,"column":39}}},"fnMap":{"0":{"name":"(anonymous_0)","decl":{"start":{"line":29,"column":25},"end":{"line":29,"column":26}},"loc":{"start":{"line":29,"column":31},"end":{"line":151,"column":1}},"line":29},"1":{"name":"(anonymous_1)","decl":{"start":{"line":37,"column":4},"end":{"line":37,"column":5}},"loc":{"start":{"line":37,"column":36},"end":{"line":72,"column":5}},"line":37},"2":{"name":"(anonymous_2)","decl":{"start":{"line":99,"column":33},"end":{"line":99,"column":34}},"loc":{"start":{"line":99,"column":39},"end":{"line":101,"column":17}},"line":99},"3":{"name":"(anonymous_3)","decl":{"start":{"line":112,"column":33},"end":{"line":112,"column":34}},"loc":{"start":{"line":112,"column":39},"end":{"line":114,"column":17}},"line":112},"4":{"name":"(anonymous_4)","decl":{"start":{"line":124,"column":33},"end":{"line":124,"column":34}},"loc":{"start":{"line":124,"column":39},"end":{"line":126,"column":17}},"line":124},"5":{"name":"(anonymous_5)","decl":{"start":{"line":130,"column":25},"end":{"line":130,"column":26}},"loc":{"start":{"line":130,"column":31},"end":{"line":132,"column":17}},"line":130},"6":{"name":"(anonymous_6)","decl":{"start":{"line":142,"column":17},"end":{"line":142,"column":18}},"loc":{"start":{"line":142,"column":23},"end":{"line":144,"column":9}},"line":142}},"branchMap":{"0":{"loc":{"start":{"line":62,"column":8},"end":{"line":68,"column":9}},"type":"if","locations":[{"start":{"line":62,"column":8},"end":{"line":68,"column":9}},{"start":{"line":62,"column":8},"end":{"line":68,"column":9}}],"line":62},"1":{"loc":{"start":{"line":80,"column":18},"end":{"line":80,"column":63}},"type":"cond-expr","locations":[{"start":{"line":80,"column":42},"end":{"line":80,"column":51}},{"start":{"line":80,"column":54},"end":{"line":80,"column":63}}],"line":80}},"s":{"0":0,"1":0,"2":0,"3":0,"4":0,"5":0,"6":0,"7":0,"8":0,"9":0,"10":0,"11":0,"12":0,"13":0,"14":0,"15":0,"16":0,"17":0,"18":0,"19":0,"20":0,"21":0,"22":0,"23":0},"f":{"0":0,"1":0,"2":0,"3":0,"4":0,"5":0,"6":0},"b":{"0":[0,0],"1":[0,0]}}
}
