TN:
SF:src\components\Button\index.tsx
FN:10,(anonymous_0)
FNF:1
FNH:1
FNDA:1,(anonymous_0)
DA:10,1
DA:11,1
LF:2
LH:2
BRF:0
BRH:0
end_of_record
TN:
SF:src\components\Input\index.tsx
FN:28,(anonymous_0)
FN:40,(anonymous_1)
FN:44,(anonymous_2)
FN:49,(anonymous_3)
FN:50,(anonymous_4)
FN:55,(anonymous_5)
FN:83,(anonymous_6)
FNF:7
FNH:3
FNDA:3,(anonymous_0)
FNDA:0,(anonymous_1)
FNDA:0,(anonymous_2)
FNDA:1,(anonymous_3)
FNDA:0,(anonymous_4)
FNDA:3,(anonymous_5)
FNDA:0,(anonymous_6)
DA:28,2
DA:32,3
DA:34,3
DA:35,3
DA:37,3
DA:38,3
DA:40,3
DA:41,0
DA:44,3
DA:45,0
DA:46,0
DA:49,3
DA:51,0
DA:55,3
DA:56,3
DA:63,3
DA:84,0
LF:17
LH:12
BRDA:29,0,0,3
BRDA:34,1,0,2
BRDA:73,2,0,0
BRDA:73,2,1,3
BRDA:73,3,0,3
BRDA:73,3,1,3
BRF:6
BRH:5
end_of_record
TN:
SF:src\hooks\auth.tsx
FN:38,(anonymous_0)
FN:42,(anonymous_1)
FN:43,loadStorageData
FN:61,(anonymous_3)
FN:80,(anonymous_4)
FN:91,(anonymous_5)
FN:106,(anonymous_6)
FNF:7
FNH:6
FNDA:7,(anonymous_0)
FNDA:2,(anonymous_1)
FNDA:2,loadStorageData
FNDA:1,(anonymous_3)
FNDA:1,(anonymous_4)
FNDA:0,(anonymous_5)
FNDA:7,(anonymous_6)
DA:36,1
DA:38,1
DA:39,7
DA:40,7
DA:42,7
DA:44,2
DA:49,2
DA:50,1
DA:52,1
DA:55,2
DA:58,2
DA:61,7
DA:62,1
DA:67,1
DA:69,1
DA:74,1
DA:76,1
DA:79,7
DA:81,1
DA:83,1
DA:91,7
DA:92,0
DA:94,0
DA:97,7
DA:106,1
DA:107,7
DA:109,7
DA:110,0
DA:113,7
LF:29
LH:26
BRDA:49,0,0,1
BRDA:49,0,1,1
BRDA:49,1,0,2
BRDA:49,1,1,1
BRDA:109,2,0,0
BRDA:109,2,1,7
BRF:6
BRH:5
end_of_record
TN:
SF:src\pages\CreateMaterial\index.tsx
FN:34,(anonymous_0)
FN:47,(anonymous_1)
FN:92,(anonymous_2)
FN:120,(anonymous_3)
FN:131,(anonymous_4)
FN:142,(anonymous_5)
FN:153,(anonymous_6)
FN:165,(anonymous_7)
FN:176,(anonymous_8)
FN:187,(anonymous_9)
FN:198,(anonymous_10)
FN:204,(anonymous_11)
FNF:12
FNH:0
FNDA:0,(anonymous_0)
FNDA:0,(anonymous_1)
FNDA:0,(anonymous_2)
FNDA:0,(anonymous_3)
FNDA:0,(anonymous_4)
FNDA:0,(anonymous_5)
FNDA:0,(anonymous_6)
FNDA:0,(anonymous_7)
FNDA:0,(anonymous_8)
FNDA:0,(anonymous_9)
FNDA:0,(anonymous_10)
FNDA:0,(anonymous_11)
DA:34,0
DA:35,0
DA:36,0
DA:38,0
DA:39,0
DA:40,0
DA:41,0
DA:42,0
DA:43,0
DA:44,0
DA:46,0
DA:48,0
DA:49,0
DA:51,0
DA:62,0
DA:66,0
DA:68,0
DA:73,0
DA:75,0
DA:76,0
DA:78,0
DA:80,0
DA:83,0
DA:92,0
DA:93,0
DA:96,0
DA:121,0
DA:132,0
DA:143,0
DA:154,0
DA:166,0
DA:177,0
DA:188,0
DA:199,0
DA:205,0
LF:35
LH:0
BRDA:75,0,0,0
BRDA:75,0,1,0
BRDA:100,1,0,0
BRDA:100,1,1,0
BRF:4
BRH:0
end_of_record
TN:
SF:src\pages\Dashboard\index.tsx
FN:34,(anonymous_0)
FN:47,(anonymous_1)
FN:48,(anonymous_2)
FN:54,(anonymous_3)
FN:58,(anonymous_4)
FN:63,(anonymous_5)
FN:88,(anonymous_6)
FN:90,(anonymous_7)
FN:92,(anonymous_8)
FNF:9
FNH:0
FNDA:0,(anonymous_0)
FNDA:0,(anonymous_1)
FNDA:0,(anonymous_2)
FNDA:0,(anonymous_3)
FNDA:0,(anonymous_4)
FNDA:0,(anonymous_5)
FNDA:0,(anonymous_6)
FNDA:0,(anonymous_7)
FNDA:0,(anonymous_8)
DA:34,0
DA:35,0
DA:37,0
DA:38,0
DA:46,0
DA:48,0
DA:49,0
DA:54,0
DA:55,0
DA:58,0
DA:59,0
DA:62,0
DA:64,0
DA:69,0
DA:88,0
DA:91,0
DA:93,0
LF:17
LH:0
BRF:0
BRH:0
end_of_record
TN:
SF:src\pages\MaterialDetail\index.tsx
FN:43,(anonymous_0)
FN:55,(anonymous_1)
FN:56,(anonymous_2)
FN:61,(anonymous_3)
FN:65,(anonymous_4)
FN:73,(anonymous_5)
FN:90,(anonymous_6)
FN:118,(anonymous_7)
FNF:8
FNH:0
FNDA:0,(anonymous_0)
FNDA:0,(anonymous_1)
FNDA:0,(anonymous_2)
FNDA:0,(anonymous_3)
FNDA:0,(anonymous_4)
FNDA:0,(anonymous_5)
FNDA:0,(anonymous_6)
FNDA:0,(anonymous_7)
DA:43,0
DA:44,0
DA:46,0
DA:48,0
DA:49,0
DA:50,0
DA:52,0
DA:53,0
DA:55,0
DA:56,0
DA:57,0
DA:61,0
DA:62,0
DA:65,0
DA:66,0
DA:74,0
DA:75,0
DA:77,0
DA:78,0
DA:79,0
DA:82,0
DA:84,0
DA:90,0
DA:91,0
DA:97,0
LF:25
LH:0
BRDA:74,0,0,0
BRDA:74,0,1,0
BRDA:77,1,0,0
BRDA:77,1,1,0
BRDA:101,2,0,0
BRDA:101,2,1,0
BRF:6
BRH:0
end_of_record
TN:
SF:src\pages\Profile\index.tsx
FN:39,(anonymous_0)
FN:51,(anonymous_1)
FN:62,(anonymous_2)
FN:68,(anonymous_3)
FN:126,(anonymous_4)
FN:130,(anonymous_5)
FN:138,(anonymous_6)
FN:155,(anonymous_7)
FN:190,(anonymous_8)
FN:203,(anonymous_9)
FN:216,(anonymous_10)
FN:228,(anonymous_11)
FN:240,(anonymous_12)
FN:246,(anonymous_13)
FNF:14
FNH:0
FNDA:0,(anonymous_0)
FNDA:0,(anonymous_1)
FNDA:0,(anonymous_2)
FNDA:0,(anonymous_3)
FNDA:0,(anonymous_4)
FNDA:0,(anonymous_5)
FNDA:0,(anonymous_6)
FNDA:0,(anonymous_7)
FNDA:0,(anonymous_8)
FNDA:0,(anonymous_9)
FNDA:0,(anonymous_10)
FNDA:0,(anonymous_11)
FNDA:0,(anonymous_12)
FNDA:0,(anonymous_13)
DA:39,0
DA:40,0
DA:42,0
DA:43,0
DA:45,0
DA:46,0
DA:47,0
DA:48,0
DA:50,0
DA:52,0
DA:53,0
DA:55,0
DA:62,0
DA:68,0
DA:78,0
DA:88,0
DA:90,0
DA:98,0
DA:100,0
DA:102,0
DA:107,0
DA:109,0
DA:110,0
DA:112,0
DA:114,0
DA:117,0
DA:126,0
DA:127,0
DA:130,0
DA:131,0
DA:139,0
DA:140,0
DA:142,0
DA:143,0
DA:144,0
DA:147,0
DA:149,0
DA:155,0
DA:156,0
DA:162,0
DA:191,0
DA:204,0
DA:217,0
DA:229,0
DA:241,0
DA:247,0
LF:46
LH:0
BRDA:93,0,0,0
BRDA:93,0,1,0
BRDA:109,1,0,0
BRDA:109,1,1,0
BRDA:139,2,0,0
BRDA:139,2,1,0
BRDA:142,3,0,0
BRDA:142,3,1,0
BRDA:166,4,0,0
BRDA:166,4,1,0
BRF:10
BRH:0
end_of_record
TN:
SF:src\pages\SignIn\index.tsx
FN:35,(anonymous_0)
FN:42,(anonymous_1)
FN:104,(anonymous_2)
FN:115,(anonymous_3)
FN:121,(anonymous_4)
FN:130,(anonymous_5)
FN:140,(anonymous_6)
FNF:7
FNH:1
FNDA:1,(anonymous_0)
FNDA:0,(anonymous_1)
FNDA:0,(anonymous_2)
FNDA:0,(anonymous_3)
FNDA:0,(anonymous_4)
FNDA:0,(anonymous_5)
FNDA:0,(anonymous_6)
DA:35,1
DA:36,1
DA:37,1
DA:38,1
DA:39,1
DA:41,1
DA:43,0
DA:44,0
DA:46,0
DA:53,0
DA:57,0
DA:62,0
DA:63,0
DA:65,0
DA:67,0
DA:70,0
DA:79,1
DA:105,0
DA:116,0
DA:122,0
DA:131,0
DA:140,0
LF:22
LH:7
BRDA:62,0,0,0
BRDA:62,0,1,0
BRDA:83,1,0,1
BRDA:83,1,1,0
BRF:4
BRH:1
end_of_record
TN:
SF:src\pages\SignUp\index.tsx
FN:29,(anonymous_0)
FN:37,(anonymous_1)
FN:99,(anonymous_2)
FN:112,(anonymous_3)
FN:124,(anonymous_4)
FN:130,(anonymous_5)
FN:142,(anonymous_6)
FNF:7
FNH:0
FNDA:0,(anonymous_0)
FNDA:0,(anonymous_1)
FNDA:0,(anonymous_2)
FNDA:0,(anonymous_3)
FNDA:0,(anonymous_4)
FNDA:0,(anonymous_5)
FNDA:0,(anonymous_6)
DA:29,0
DA:30,0
DA:31,0
DA:33,0
DA:34,0
DA:36,0
DA:38,0
DA:39,0
DA:41,0
DA:49,0
DA:53,0
DA:55,0
DA:60,0
DA:62,0
DA:63,0
DA:65,0
DA:67,0
DA:70,0
DA:76,0
DA:100,0
DA:113,0
DA:125,0
DA:131,0
DA:143,0
LF:24
LH:0
BRDA:62,0,0,0
BRDA:62,0,1,0
BRDA:80,1,0,0
BRDA:80,1,1,0
BRF:4
BRH:0
end_of_record
